<?xml version="1.0" encoding="UTF-8"?>
<!-- Generated by org.testng.reporters.JUnitReportReporter -->
<testsuite hostname="INMAADEEPANAN4P" failures="0" tests="1" name="runner.RunnerClass" time="218.594" errors="0" timestamp="07 Mar 2021 14:06:49 GMT" skipped="0">
  <testcase classname="runner.RunnerClass" name="feature" time="218.594"/>
</testsuite> <!-- runner.RunnerClass -->
