<?xml version="1.0" encoding="UTF-8"?>
<!-- Generated by org.testng.reporters.JUnitReportReporter -->
<testsuite hostname="INMAADEEPANAN4P" failures="0" tests="1" name="com.asg.utility.Reports" time="0.458" errors="0" timestamp="04 Mar 2021 16:46:48 GMT" skipped="0">
  <testcase classname="com.asg.utility.Reports" name="report" time="0.458"/>
</testsuite> <!-- com.asg.utility.Reports -->
